#-----------------------------------------------------------
# Vivado v2015.2 (64-bit)
# SW Build 1266856 on Fri Jun 26 16:35:25 MDT 2015
# IP Build 1264090 on Wed Jun 24 14:22:01 MDT 2015
# Start of session at: Tue Feb 27 14:35:01 2018
# Process ID: 532
# Log file: F:/Curriculum de/auto_seller/vivado.log
# Journal file: F:/Curriculum de/auto_seller\vivado.jou
#-----------------------------------------------------------
start_gui
open_project {F:/Curriculum de/auto_seller/project_2.xpr}
Scanning sources...
Finished scanning sources
INFO: [IP_Flow 19-234] Refreshing IP repositories
INFO: [IP_Flow 19-1704] No user IP repositories specified
INFO: [IP_Flow 19-2313] Loaded Vivado IP repository 'D:/Xilinx/Vivado/2015.2/data/ip'.
open_project: Time (s): cpu = 00:00:18 ; elapsed = 00:00:13 . Memory (MB): peak = 785.844 ; gain = 211.043
exit
INFO: [Common 17-206] Exiting Vivado at Tue Feb 27 16:22:25 2018...
.
